Processing 0001.html...
Processing 0002.html...
Processing 0003.html...
Processing 0004.html...
Processing 0005.html...
Processing 0006.html...
Processing 0007.html...
Processing 0008.html...
Processing 0009.html...
Processing 0010.html...
Processing 0011.html...
Processing 0012.html...
Warning: 0012.html is a unlicensed. Skipping...
Processing 0013.html...
Processing 0014.html...
Processing 0015.html...
Processing 0016.html...
Processing 0017.html...
Processing 0018.html...
Processing 0019.html...
Processing 0020.html...
Processing 0021.html...
Processing 0022.html...
Processing 0023.html...
Processing 0024.html...
Processing 0025.html...
Processing 0026.html...
Processing 0027.html...
Processing 0028.html...
Processing 0029.html...
Processing 0030.html...
Processing 0031.html...
Processing 0032.html...
Processing 0033.html...
Processing 0034.html...
Processing 0035.html...
Processing 0036.html...
Processing 0037.html...
Processing 0038.html...
Processing 0039.html...
Processing 0040.html...
Processing 0041.html...
Processing 0042.html...
Processing 0043.html...
Processing 0044.html...
Processing 0045.html...
Processing 0046.html...
Processing 0047.html...
Processing 0048.html...
Processing 0049.html...
Processing 0050.html...
Processing 0051.html...
Processing 0052.html...
Processing 0053.html...
Processing 0054.html...
Processing 0055.html...
Processing 0056.html...
Processing 0057.html...
Processing 0058.html...
Processing 0059.html...
Processing 0060.html...
Warning: 0060.html is a unlicensed. Skipping...
Processing 0061.html...
Warning: 0061.html is a unlicensed. Skipping...
Processing 0062.html...
Warning: 0062.html is a unlicensed. Skipping...
Processing 0063.html...
Processing 0064.html...
Processing 0065.html...
Processing 0066.html...
Processing 0067.html...
Processing 0068.html...
Processing 0069.html...
Processing 0070.html...
Processing 0071.html...
Processing 0072.html...
Processing 0073.html...
Processing 0074.html...
Processing 0075.html...
Processing 0076.html...
Processing 0077.html...
Processing 0078.html...
Processing 0079.html...
Processing 0080.html...
Processing 0081.html...
Processing 0082.html...
Processing 0083.html...
Processing 0084.html...
Processing 0085.html...
Processing 0086.html...
Processing 0087.html...
Processing 0088.html...
Processing 0089.html...
Processing 0090.html...
Processing 0091.html...
Processing 0092.html...
Processing 0093.html...
Processing 0094.html...
Processing 0095.html...
Processing 0096.html...
Processing 0097.html...
Processing 0098.html...
Processing 0099.html...
Processing 0100.html...
Processing 0101.html...
Processing 0102.html...
Processing 0103.html...
Processing 0104.html...
Processing 0105.html...
Processing 0106.html...
Processing 0107.html...
Processing 0108.html...
Processing 0109.html...
Processing 0110.html...
Processing 0111.html...
Processing 0112.html...
Processing 0113.html...
Processing 0114.html...
Processing 0115.html...
Processing 0116.html...
Processing 0117.html...
Processing 0118.html...
Processing 0119.html...
Processing 0120.html...
Processing 0121.html...
Processing 0122.html...
Processing 0123.html...
Processing 0124.html...
Processing 0125.html...
Processing 0126.html...
Processing 0127.html...
Processing 0128.html...
Processing 0129.html...
Processing 0130.html...
Processing 0131.html...
Processing 0132.html...
Processing 0133.html...
Processing 0134.html...
Processing 0135.html...
Processing 0136.html...
Processing 0137.html...
Processing 0138.html...
Processing 0139.html...
Processing 0140.html...
Processing 0141.html...
Processing 0142.html...
Processing 0143.html...
Processing 0144.html...
Processing 0145.html...
Processing 0146.html...
Processing 0147.html...
Processing 0148.html...
Processing 0149.html...
Processing 0150.html...
Processing 0151.html...
Processing 0152.html...
Processing 0153.html...
Processing 0154.html...
Processing 0155.html...
Processing 0156.html...
Processing 0157.html...
Processing 0158.html...
Processing 0159.html...
Processing 0160.html...
Processing 0161.html...
Processing 0162.html...
Processing 0163.html...
Processing 0164.html...
Processing 0165.html...
Processing 0166.html...
Processing 0167.html...
Processing 0168.html...
Warning: 0168.html is a beta/prototype. Skipping...
Processing 0169.html...
Processing 0170.html...
Processing 0171.html...
Processing 0172.html...
Processing 0173.html...
Processing 0174.html...
Processing 0175.html...
Processing 0176.html...
Processing 0177.html...
Processing 0178.html...
Processing 0179.html...
Processing 0180.html...
Processing 0181.html...
Processing 0182.html...
Processing 0183.html...
Processing 0184.html...
Processing 0185.html...
Processing 0186.html...
Processing 0187.html...
Processing 0188.html...
Processing 0189.html...
Processing 0190.html...
Processing 0191.html...
Processing 0192.html...
Processing 0193.html...
Processing 0194.html...
Processing 0195.html...
Processing 0196.html...
Processing 0197.html...
Processing 0198.html...
Processing 0199.html...
Processing 0200.html...
Processing 0201.html...
Processing 0202.html...
Processing 0203.html...
Processing 0204.html...
Processing 0205.html...
Processing 0206.html...
Processing 0207.html...
Processing 0208.html...
Processing 0209.html...
Processing 0210.html...
Processing 0211.html...
Processing 0212.html...
Processing 0213.html...
Processing 0214.html...
Processing 0215.html...
Processing 0216.html...
Processing 0217.html...
Processing 0218.html...
Processing 0219.html...
Processing 0220.html...
Processing 0221.html...
Processing 0222.html...
Processing 0223.html...
Processing 0224.html...
Processing 0225.html...
Processing 0226.html...
Processing 0227.html...
Processing 0228.html...
Processing 0229.html...
Processing 0230.html...
Processing 0231.html...
Processing 0232.html...
Processing 0233.html...
Processing 0234.html...
Processing 0235.html...
Processing 0236.html...
Processing 0237.html...
Processing 0238.html...
Processing 0239.html...
Processing 0240.html...
Processing 0241.html...
Processing 0242.html...
Processing 0243.html...
Processing 0244.html...
Processing 0245.html...
Processing 0246.html...
Processing 0247.html...
Processing 0248.html...
Processing 0249.html...
Processing 0250.html...
Processing 0251.html...
Processing 0252.html...
Processing 0253.html...
Warning: 0253.html is a beta/prototype. Skipping...
Processing 0254.html...
Processing 0255.html...
Processing 0256.html...
Processing 0257.html...
Processing 0258.html...
Processing 0259.html...
Processing 0260.html...
Processing 0261.html...
Processing 0262.html...
Processing 0263.html...
Processing 0264.html...
Processing 0265.html...
Processing 0266.html...
Processing 0267.html...
Processing 0268.html...
Processing 0269.html...
Processing 0270.html...
Processing 0271.html...
Processing 0272.html...
Processing 0273.html...
Processing 0274.html...
Processing 0275.html...
Processing 0276.html...
Processing 0277.html...
Processing 0278.html...
Processing 0279.html...
Processing 0280.html...
Processing 0281.html...
Processing 0282.html...
Processing 0283.html...
Processing 0284.html...
Processing 0285.html...
Processing 0286.html...
Processing 0287.html...
Processing 0288.html...
Processing 0289.html...
Processing 0290.html...
Processing 0291.html...
Processing 0292.html...
Processing 0293.html...
Processing 0294.html...
Processing 0295.html...
Processing 0296.html...
Processing 0297.html...
Processing 0298.html...
Processing 0299.html...
Processing 0300.html...
Processing 0301.html...
Processing 0302.html...
Processing 0303.html...
Processing 0304.html...
Processing 0305.html...
Processing 0306.html...
Processing 0307.html...
Processing 0308.html...
Processing 0309.html...
Processing 0310.html...
Processing 0311.html...
Processing 0312.html...
Processing 0313.html...
Processing 0314.html...
Processing 0315.html...
Processing 0316.html...
Processing 0317.html...
Processing 0318.html...
Processing 0319.html...
Processing 0320.html...
Warning: 0320.html is a beta/prototype. Skipping...
Processing 0321.html...
Processing 0322.html...
Processing 0323.html...
Processing 0324.html...
Processing 0325.html...
Processing 0326.html...
Processing 0327.html...
Processing 0328.html...
Processing 0329.html...
Processing 0330.html...
Processing 0331.html...
Processing 0332.html...
Processing 0333.html...
Processing 0334.html...
Processing 0335.html...
Processing 0336.html...
Processing 0337.html...
Processing 0338.html...
Processing 0339.html...
Processing 0340.html...
Processing 0341.html...
Processing 0342.html...
Processing 0343.html...
Processing 0344.html...
Processing 0345.html...
Processing 0346.html...
Processing 0347.html...
Processing 0348.html...
Warning: 0348.html is a beta/prototype. Skipping...
Processing 0349.html...
Processing 0350.html...
Processing 0351.html...
Processing 0352.html...
Processing 0353.html...
Processing 0354.html...
Processing 0355.html...
Processing 0356.html...
Processing 0357.html...
Warning: 0357.html is a beta/prototype. Skipping...
Processing 0358.html...
Processing 0359.html...
Processing 0360.html...
Processing 0361.html...
Processing 0362.html...
Processing 0363.html...
Processing 0364.html...
Processing 0365.html...
Processing 0366.html...
Processing 0367.html...
Processing 0368.html...
Processing 0369.html...
Processing 0370.html...
Warning: 0370.html is a unlicensed. Skipping...
Processing 0371.html...
Warning: 0371.html is a unlicensed. Skipping...
Processing 0372.html...
Processing 0373.html...
Processing 0374.html...
Processing 0375.html...
Processing 0376.html...
Processing 0377.html...
Processing 0378.html...
Processing 0379.html...
Processing 0380.html...
Processing 0381.html...
Processing 0382.html...
Processing 0383.html...
Processing 0384.html...
Processing 0385.html...
Processing 0386.html...
Processing 0387.html...
Warning: 0387.html is a unlicensed. Skipping...
Processing 0388.html...
Processing 0389.html...
Processing 0390.html...
Processing 0391.html...
Processing 0392.html...
Processing 0393.html...
Processing 0394.html...
Processing 0395.html...
Processing 0396.html...
Processing 0397.html...
Processing 0398.html...
Processing 0399.html...
Processing 0400.html...
Processing 0401.html...
Processing 0402.html...
Processing 0403.html...
Processing 0404.html...
Processing 0405.html...
Processing 0406.html...
Processing 0407.html...
Processing 0408.html...
Processing 0409.html...
Processing 0410.html...
Processing 0411.html...
Processing 0412.html...
Processing 0413.html...
Processing 0414.html...
Processing 0415.html...
Processing 0416.html...
Processing 0417.html...
Processing 0418.html...
Processing 0419.html...
Processing 0420.html...
Processing 0421.html...
Processing 0422.html...
Processing 0423.html...
Processing 0424.html...
Processing 0425.html...
Processing 0426.html...
Processing 0427.html...
Processing 0428.html...
Processing 0429.html...
Processing 0430.html...
Warning: 0430.html is a beta/prototype. Skipping...
Processing 0431.html...
Processing 0432.html...
Processing 0433.html...
Processing 0434.html...
Processing 0435.html...
Processing 0436.html...
Processing 0437.html...
Processing 0438.html...
Processing 0439.html...
Processing 0440.html...
Processing 0441.html...
Processing 0442.html...
Processing 0443.html...
Processing 0444.html...
Processing 0445.html...
Processing 0446.html...
Processing 0447.html...
Processing 0448.html...
Processing 0449.html...
Processing 0450.html...
Processing 0451.html...
Processing 0452.html...
Processing 0453.html...
Processing 0454.html...
Processing 0455.html...
Warning: 0455.html is a unlicensed. Skipping...
Processing 0456.html...
Processing 0457.html...
Processing 0458.html...
Processing 0459.html...
Processing 0460.html...
Processing 0461.html...
Processing 0462.html...
Processing 0463.html...
Processing 0464.html...
Processing 0465.html...
Processing 0466.html...
Processing 0467.html...
Processing 0468.html...
Processing 0469.html...
Processing 0470.html...
Processing 0471.html...
Processing 0472.html...
Processing 0473.html...
Processing 0474.html...
Processing 0475.html...
Processing 0476.html...
Processing 0477.html...
Processing 0478.html...
Processing 0479.html...
Processing 0480.html...
Processing 0481.html...
Processing 0482.html...
Processing 0483.html...
Processing 0484.html...
Processing 0485.html...
Processing 0486.html...
Processing 0487.html...
Processing 0488.html...
Processing 0489.html...
Processing 0490.html...
Processing 0491.html...
Processing 0492.html...
Processing 0493.html...
Processing 0494.html...
Processing 0495.html...
Processing 0496.html...
Processing 0497.html...
Processing 0498.html...
Processing 0499.html...
Processing 0500.html...
Processing 0501.html...
Processing 0502.html...
Processing 0503.html...
Processing 0504.html...
Processing 0505.html...
Processing 0506.html...
Processing 0507.html...
Processing 0508.html...
Processing 0509.html...
Processing 0510.html...
Processing 0511.html...
Processing 0512.html...
Processing 0513.html...
Processing 0514.html...
Processing 0515.html...
Processing 0516.html...
Processing 0517.html...
Processing 0518.html...
Processing 0519.html...
Processing 0520.html...
Processing 0521.html...
Processing 0522.html...
Processing 0523.html...
Processing 0524.html...
Processing 0525.html...
Processing 0526.html...
Processing 0527.html...
Processing 0528.html...
Processing 0529.html...
Processing 0530.html...
Processing 0531.html...
Warning: 0531.html is a unlicensed. Skipping...
Processing 0532.html...
Processing 0533.html...
Processing 0534.html...
Processing 0535.html...
Processing 0536.html...
Processing 0537.html...
Processing 0538.html...
Processing 0539.html...
Processing 0540.html...
Processing 0541.html...
Processing 0542.html...
Processing 0543.html...
Processing 0544.html...
Processing 0545.html...
Processing 0546.html...
Processing 0547.html...
Warning: 0547.html is a unlicensed. Skipping...
Processing 0548.html...
Processing 0549.html...
Processing 0550.html...
Processing 0551.html...
Processing 0552.html...
Processing 0553.html...
Processing 0554.html...
Processing 0555.html...
Processing 0556.html...
Processing 0557.html...
Processing 0558.html...
Processing 0559.html...
Processing 0560.html...
Processing 0561.html...
Processing 0562.html...
Processing 0563.html...
Processing 0564.html...
Processing 0565.html...
Processing 0566.html...
Processing 0567.html...
Processing 0568.html...
Processing 0569.html...
Processing 0570.html...
Processing 0571.html...
Processing 0572.html...
Processing 0573.html...
Processing 0574.html...
Processing 0575.html...
Processing 0576.html...
Processing 0577.html...
Processing 0578.html...
Processing 0579.html...
Processing 0580.html...
Processing 0581.html...
Processing 0582.html...
Processing 0583.html...
Processing 0584.html...
Processing 0585.html...
Processing 0586.html...
Processing 0587.html...
Processing 0588.html...
Processing 0589.html...
Processing 0590.html...
Processing 0591.html...
Processing 0592.html...
Processing 0593.html...
Processing 0594.html...
Processing 0595.html...
Processing 0596.html...
Processing 0597.html...
Processing 0598.html...
Processing 0599.html...
Processing 0600.html...
Processing 0601.html...
Processing 0602.html...
Processing 0603.html...
Processing 0604.html...
Processing 0605.html...
Processing 0606.html...
Processing 0607.html...
Processing 0608.html...
Processing 0609.html...
Processing 0610.html...
Processing 0611.html...
Processing 0612.html...
Processing 0613.html...
Processing 0614.html...
Processing 0615.html...
Processing 0616.html...
Processing 0617.html...
Processing 0618.html...
Processing 0619.html...
Processing 0620.html...
Processing 0621.html...
Processing 0622.html...
Processing 0623.html...
Processing 0624.html...
Processing 0625.html...
Processing 0626.html...
Processing 0627.html...
Processing 0628.html...
Processing 0629.html...
Processing 0630.html...
Processing 0631.html...
Processing 0632.html...
Processing 0633.html...
Processing 0634.html...
Processing 0635.html...
Processing 0636.html...
Processing 0637.html...
Processing 0638.html...
Processing 0639.html...
Processing 0640.html...
Processing 0641.html...
Processing 0642.html...
Processing 0643.html...
Processing 0644.html...
Processing 0645.html...
Processing 0646.html...
Processing 0647.html...
Processing 0648.html...
Processing 0649.html...
Processing 0650.html...
Processing 0651.html...
Processing 0652.html...
Processing 0653.html...
Processing 0654.html...
Processing 0655.html...
Processing 0656.html...
Processing 0657.html...
Processing 0658.html...
Processing 0659.html...
Processing 0660.html...
Processing 0661.html...
Processing 0662.html...
Processing 0663.html...
Processing 0664.html...
Processing 0665.html...
Processing 0666.html...
Processing 0667.html...
Processing 0668.html...
Processing 0669.html...
Processing 0670.html...
Processing 0671.html...
Processing 0672.html...
Processing 0673.html...
Processing 0674.html...
Processing 0675.html...
Processing 0676.html...
Processing 0677.html...
Processing 0678.html...
Processing 0679.html...
Processing 0680.html...
Processing 0681.html...
Processing 0682.html...
Processing 0683.html...
Processing 0684.html...
Processing 0685.html...
Processing 0686.html...
Processing 0687.html...
Processing 0688.html...
Processing 0689.html...
Processing 0690.html...
Processing 0691.html...
Processing 0692.html...
Processing 0693.html...
Processing 0694.html...
Processing 0695.html...
Processing 0696.html...
Processing 0697.html...
Processing 0698.html...
Processing 0699.html...
Processing 0700.html...
Processing 0701.html...
Processing 0702.html...
Processing 0703.html...
Processing 0704.html...
Processing 0705.html...
Processing 0706.html...
Processing 0707.html...
Processing 0708.html...
Processing 0709.html...
Processing 0710.html...
Processing 0711.html...
Processing 0712.html...
Processing 0713.html...
Processing 0714.html...
Processing 0715.html...
Processing 0716.html...
Processing 0717.html...
Processing 0718.html...
Processing 0719.html...
Processing 0720.html...
Processing 0721.html...
Processing 0722.html...
Processing 0723.html...
Processing 0724.html...
Processing 0725.html...
Processing 0726.html...
Processing 0727.html...
Processing 0728.html...
Processing 0729.html...
Processing 0730.html...
Processing 0731.html...
Processing 0732.html...
Processing 0733.html...
Processing 0734.html...
Processing 0735.html...
Processing 0736.html...
Processing 0737.html...
Processing 0738.html...
Processing 0739.html...
Processing 0740.html...
Processing 0741.html...
Processing 0742.html...
Processing 0743.html...
Processing 0744.html...
Processing 0745.html...
Processing 0746.html...
Processing 0747.html...
Processing 0748.html...
Processing 0749.html...
Processing 0750.html...
Processing 0751.html...
Processing 0752.html...
Processing 0753.html...
Processing 0754.html...
Processing 0755.html...
Processing 0756.html...
Processing 0757.html...
Processing 0758.html...
Processing 0759.html...
Processing 0760.html...
Processing 0761.html...
Processing 0762.html...
Processing 0763.html...
Processing 0764.html...
Processing 0765.html...
Processing 0766.html...
Processing 0767.html...
Processing 0768.html...
Processing 0769.html...
Processing 0770.html...
Processing 0771.html...
Processing 0772.html...
Processing 0773.html...
Processing 0774.html...
Processing 0775.html...
Processing 0776.html...
Processing 0777.html...
Processing 0778.html...
Processing 0779.html...
Processing 0780.html...
Processing 0781.html...
Processing 0782.html...
Processing 0783.html...
Processing 0784.html...
Processing 0785.html...
Processing 0786.html...
Processing 0787.html...
Processing 0788.html...
Processing 0789.html...
Processing 0790.html...
Processing 0791.html...
Processing 0792.html...
Processing 0793.html...
Processing 0794.html...
Processing 0795.html...
Processing 0796.html...
Processing 0797.html...
Processing 0798.html...
Processing 0799.html...
Processing 0800.html...
Processing 0801.html...
Processing 0802.html...
Processing 0803.html...
Processing 0804.html...
Processing 0805.html...
Processing 0806.html...
Processing 0807.html...
Processing 0808.html...
Processing 0809.html...
Processing 0810.html...
Processing 0811.html...
Processing 0812.html...
Processing 0813.html...
Processing 0814.html...
Processing 0815.html...
Processing 0816.html...
Processing 0817.html...
Processing 0818.html...
Processing 0819.html...
Processing 0820.html...
Processing 0821.html...
Processing 0822.html...
Processing 0823.html...
Processing 0824.html...
Processing 0825.html...
Processing 0826.html...
Processing 0827.html...
Processing 0828.html...
Processing 0829.html...
Processing 0830.html...
Processing 0831.html...
Processing 0832.html...
Processing 0833.html...
Processing 0834.html...
Processing 0835.html...
Processing 0836.html...
Processing 0837.html...
Processing 0838.html...
Processing 0839.html...
Processing 0840.html...
Processing 0841.html...
Processing 0842.html...
Processing 0843.html...
Processing 0844.html...
Processing 0845.html...
Processing 0846.html...
Processing 0847.html...
Processing 0848.html...
Processing 0849.html...
Processing 0850.html...
Processing 0851.html...
Processing 0852.html...
Processing 0853.html...
Processing 0854.html...
Processing 0855.html...
Warning: 0855.html is a unlicensed. Skipping...
Processing 0856.html...
Processing 0857.html...
Processing 0858.html...
Processing 0859.html...
Processing 0860.html...
Processing 0861.html...
Processing 0862.html...
Processing 0863.html...
Processing 0864.html...
Processing 0865.html...
Processing 0866.html...
Processing 0867.html...
Processing 0868.html...
Processing 0869.html...
Processing 0870.html...
Processing 0871.html...
Processing 0872.html...
Processing 0873.html...
Processing 0874.html...
Processing 0875.html...
Processing 0876.html...
Processing 0877.html...
Processing 0878.html...
Processing 0879.html...
Processing 0880.html...
Processing 0881.html...
Processing 0882.html...
Processing 0883.html...
Processing 0884.html...
Processing 0885.html...
Processing 0886.html...
Processing 0887.html...
Processing 0888.html...
Processing 0889.html...
Processing 0890.html...
Processing 0891.html...
Warning: 0891.html is a beta/prototype. Skipping...
Processing 0892.html...
Processing 0893.html...
Processing 0894.html...
Processing 0895.html...
Processing 0896.html...
Processing 0897.html...
Warning: 0897.html is a unlicensed. Skipping...
Processing 0898.html...
Warning: 0898.html is a unlicensed. Skipping...
Processing 0899.html...
Processing 0900.html...
Processing 0901.html...
Processing 0902.html...
Error: 0902.html has no ROM name info. Skipping...
Processing 0903.html...
Processing 0904.html...
Processing 0905.html...
Processing 0906.html...
Error: 0906.html has no ROM name info. Skipping...
Processing 0907.html...
Processing 0908.html...
Processing 0909.html...
Processing 0910.html...
Processing 0911.html...
Processing 0912.html...
Processing 0913.html...
Processing 0914.html...
Error: 0914.html has no ROM name info. Skipping...
Processing 0915.html...
Processing 0916.html...
Processing 0917.html...
Processing 0918.html...
Error: 0918.html has no ROM name info. Skipping...
Processing 0919.html...
Processing 0920.html...
Error: 0920.html has no ROM name info. Skipping...
Processing 0921.html...
Processing 0922.html...
Processing 0923.html...
Processing 0924.html...
Processing 0925.html...
Processing 0926.html...
Processing 0927.html...
Processing 0928.html...
Processing 0929.html...
Processing 0930.html...
Processing 0931.html...
Processing 0932.html...
Processing 0933.html...
Processing 0934.html...
Processing 0935.html...
Processing 0936.html...
Processing 0937.html...
Processing 0938.html...
Processing 0939.html...
Processing 0940.html...
Processing 0941.html...
Processing 0942.html...
Processing 0943.html...
Processing 0944.html...
Processing 0945.html...
Processing 0946.html...
Processing 0947.html...
Processing 0948.html...
Processing 0949.html...
Processing 0950.html...
Processing 0951.html...
Processing 0952.html...
Processing 0953.html...
Processing 0954.html...
Processing 0955.html...
Processing 0956.html...
Processing 0957.html...
Processing 0958.html...
Processing 0959.html...
Processing 0960.html...
Processing 0961.html...
Processing 0962.html...
Processing 0963.html...
Processing 0964.html...
Processing 0965.html...
Processing 0966.html...
Processing 0967.html...
Processing 0968.html...
Processing 0969.html...
Processing 0970.html...
Processing 0971.html...
Processing 0972.html...
Processing 0973.html...
Processing 0974.html...
Processing 0975.html...
Processing 0976.html...
Processing 0977.html...
Processing 0978.html...
Processing 0979.html...
Processing 0980.html...
Processing 0981.html...
Processing 0982.html...
Processing 0983.html...
Processing 0984.html...
Processing 0985.html...
Processing 0986.html...
Processing 0987.html...
Warning: 0987.html is a unlicensed. Skipping...
Processing 0988.html...
Warning: 0988.html is a beta/prototype. Skipping...
Processing 0989.html...
Processing 0990.html...
Processing 0991.html...
Processing 0992.html...
Processing 0993.html...
Processing 0994.html...
Processing 0995.html...
Processing 0996.html...
Processing 0997.html...
Processing 0998.html...
Processing 0999.html...
Processing 1000.html...
Processing 1001.html...
Processing 1002.html...
Processing 1003.html...
Processing 1004.html...
Processing 1005.html...
Processing 1006.html...
Processing 1007.html...
Processing 1008.html...
Processing 1009.html...
Processing 1010.html...
Processing 1011.html...
Processing 1012.html...
Processing 1013.html...
Processing 1014.html...
Processing 1015.html...
Processing 1016.html...
Processing 1017.html...
Processing 1018.html...
Processing 1019.html...
Warning: 1019.html is a beta/prototype. Skipping...
Processing 1020.html...
Processing 1021.html...
Processing 1022.html...
Processing 1023.html...
Processing 1024.html...
Processing 1025.html...
Processing 1026.html...
Processing 1027.html...
Processing 1028.html...
Processing 1029.html...
Processing 1030.html...
Processing 1031.html...
Processing 1032.html...
Processing 1033.html...
Processing 1034.html...
Processing 1035.html...
Processing 1036.html...
Processing 1037.html...
Processing 1038.html...
Processing 1039.html...
Processing 1040.html...
Processing 1041.html...
Processing 1042.html...
Processing 1043.html...
Processing 1044.html...
Processing 1045.html...
Processing 1046.html...
Processing 1047.html...
Processing 1048.html...
Processing 1049.html...
Processing 1050.html...
Processing 1051.html...
Processing 1052.html...
Processing 1053.html...
Processing 1054.html...
Processing 1055.html...
Processing 1056.html...
Processing 1057.html...
Processing 1058.html...
Processing 1059.html...
Processing 1060.html...
Processing 1061.html...
Processing 1062.html...
Processing 1063.html...
Processing 1064.html...
Processing 1065.html...
Processing 1066.html...
Processing 1067.html...
Processing 1068.html...
Processing 1069.html...
Processing 1070.html...
Processing 1071.html...
Processing 1072.html...
Processing 1073.html...
Processing 1074.html...
Processing 1075.html...
Processing 1076.html...
Processing 1077.html...
Processing 1078.html...
Error: 1078.html has no ROM name info. Skipping...
Processing 1079.html...
Processing 1080.html...
Processing 1081.html...
Processing 1082.html...
Processing 1083.html...
Processing 1084.html...
Processing 1085.html...
Processing 1086.html...
Processing 1087.html...
Processing 1088.html...
Processing 1089.html...
Processing 1090.html...
Processing 1091.html...
Processing 1092.html...
Processing 1093.html...
Processing 1094.html...
Processing 1095.html...
Processing 1096.html...
Processing 1097.html...
Processing 1098.html...
Processing 1099.html...
Processing 1100.html...
Processing 1101.html...
Processing 1102.html...
Processing 1103.html...
Processing 1104.html...
Processing 1105.html...
Processing 1106.html...
Processing 1107.html...
Processing 1108.html...
Processing 1109.html...
Processing 1110.html...
Warning: 1110.html is a unlicensed. Skipping...
Processing 1111.html...
Warning: 1111.html is a unlicensed. Skipping...
Processing 1112.html...
Warning: 1112.html is a unlicensed. Skipping...
Processing 1113.html...
Processing 1114.html...
Processing 1115.html...
Processing 1116.html...
Processing 1117.html...
Processing 1118.html...
Processing 1119.html...
Processing 1120.html...
Processing 1121.html...
Processing 1122.html...
Processing 1123.html...
Processing 1124.html...
Processing 1125.html...
Processing 1126.html...
Processing 1127.html...
Processing 1128.html...
Processing 1129.html...
Processing 1130.html...
Processing 1131.html...
Processing 1132.html...
Processing 1133.html...
Processing 1134.html...
Processing 1135.html...
Processing 1136.html...
Processing 1137.html...
Processing 1138.html...
Processing 1139.html...
Processing 1140.html...
Processing 1141.html...
Processing 1142.html...
Processing 1143.html...
Processing 1144.html...
Processing 1145.html...
Processing 1146.html...
Processing 1147.html...
Processing 1148.html...
Processing 1149.html...
Processing 1150.html...
Processing 1151.html...
Processing 1152.html...
Processing 1153.html...
Processing 1154.html...
Processing 1155.html...
Processing 1156.html...
Processing 1157.html...
Processing 1158.html...
Processing 1159.html...
Processing 1160.html...
Processing 1161.html...
Processing 1162.html...
Processing 1163.html...
Processing 1164.html...
Processing 1165.html...
Processing 1166.html...
Processing 1167.html...
Processing 1168.html...
Processing 1169.html...
Processing 1170.html...
Processing 1171.html...
Processing 1172.html...
Processing 1173.html...
Processing 1174.html...
Processing 1175.html...
Processing 1176.html...
Processing 1177.html...
Processing 1178.html...
Processing 1179.html...
Processing 1180.html...
Processing 1181.html...
Processing 1182.html...
Processing 1183.html...
Processing 1184.html...
Processing 1185.html...
Processing 1186.html...
Processing 1187.html...
Processing 1188.html...
Processing 1189.html...
Processing 1190.html...
Processing 1191.html...
Processing 1192.html...
Processing 1193.html...
Processing 1194.html...
Processing 1195.html...
Warning: 1195.html is a unlicensed. Skipping...
Processing 1196.html...
Processing 1197.html...
Processing 1198.html...
Processing 1199.html...
Processing 1200.html...
Processing 1201.html...
Processing 1202.html...
Processing 1203.html...
Processing 1204.html...
Processing 1205.html...
Processing 1206.html...
Processing 1207.html...
Processing 1208.html...
Processing 1209.html...
Processing 1210.html...
Processing 1211.html...
Processing 1212.html...
Processing 1213.html...
Processing 1214.html...
Processing 1215.html...
Processing 1216.html...
Processing 1217.html...
Processing 1218.html...
Processing 1219.html...
Warning: 1219.html is a beta/prototype. Skipping...
Processing 1220.html...
Processing 1221.html...
Processing 1222.html...
Processing 1223.html...
Processing 1224.html...
Processing 1225.html...
Processing 1226.html...
Processing 1227.html...
Processing 1228.html...
Processing 1229.html...
Processing 1230.html...
Processing 1231.html...
Processing 1232.html...
Processing 1233.html...
Processing 1234.html...
Processing 1235.html...
Processing 1236.html...
Processing 1237.html...
Processing 1238.html...
Processing 1239.html...
Processing 1240.html...
Processing 1241.html...
Processing 1242.html...
Processing 1243.html...
Processing 1244.html...
Processing 1245.html...
Processing 1246.html...
Processing 1247.html...
Processing 1248.html...
Processing 1249.html...
Processing 1250.html...
Processing 1251.html...
Processing 1252.html...
Processing 1253.html...
Processing 1254.html...
Processing 1255.html...
Processing 1256.html...
Processing 1257.html...
Processing 1258.html...
Processing 1259.html...
Processing 1260.html...
Processing 1261.html...
Processing 1262.html...
Processing 1263.html...
Processing 1264.html...
Processing 1265.html...
Processing 1266.html...
Processing 1267.html...
Warning: 1267.html is a beta/prototype. Skipping...
Processing 1268.html...
Processing 1269.html...
Processing 1270.html...
Processing 1271.html...
Processing 1272.html...
Processing 1273.html...
Processing 1274.html...
Processing 1275.html...
Processing 1276.html...
Processing 1277.html...
Processing 1278.html...
Processing 1279.html...
Processing 1280.html...
Processing 1281.html...
Processing 1282.html...
Processing 1283.html...
Processing 1284.html...
Processing 1285.html...
Processing 1286.html...
Processing 1287.html...
Processing 1288.html...
Processing 1289.html...
Processing 1290.html...
Processing 1291.html...
Processing 1292.html...
Processing 1293.html...
Processing 1294.html...
Processing 1295.html...
Processing 1296.html...
Processing 1297.html...
Processing 1298.html...
Processing 1299.html...
Processing 1300.html...
Processing 1301.html...
Processing 1302.html...
Processing 1303.html...
Processing 1304.html...
Processing 1305.html...
Processing 1306.html...
Processing 1307.html...
Processing 1308.html...
Processing 1309.html...
Processing 1310.html...
Processing 1311.html...
Processing 1312.html...
Processing 1313.html...
Processing 1314.html...
Processing 1315.html...
Processing 1316.html...
Processing 1317.html...
Processing 1318.html...
Processing 1319.html...
Processing 1320.html...
Processing 1321.html...
Processing 1322.html...
Processing 1323.html...
Processing 1324.html...
Processing 1325.html...
Processing 1326.html...
Processing 1327.html...
Processing 1328.html...
Processing 1329.html...
Processing 1330.html...
Processing 1331.html...
Processing 1332.html...
Processing 1333.html...
Processing 1334.html...
Processing 1335.html...
Processing 1336.html...
Processing 1337.html...
Processing 1338.html...
Processing 1339.html...
Processing 1340.html...
Processing 1341.html...
Processing 1342.html...
Processing 1343.html...
Processing 1344.html...
Processing 1345.html...
Processing 1346.html...
Processing 1347.html...
Processing 1348.html...
Processing 1349.html...
Processing 1350.html...
Processing 1351.html...
Processing 1352.html...
Processing 1353.html...
Processing 1354.html...
Processing 1355.html...
Processing 1356.html...
Processing 1357.html...
Processing 1358.html...
Processing 1359.html...
Processing 1360.html...
Processing 1361.html...
Processing 1362.html...
Processing 1363.html...
Processing 1364.html...
Processing 1365.html...
Processing 1366.html...
Processing 1367.html...
Processing 1368.html...
Processing 1369.html...
Processing 1370.html...
Processing 1371.html...
Processing 1372.html...
Processing 1373.html...
Processing 1374.html...
Processing 1375.html...
Warning: 1375.html is a BIOS. Skipping...
Processing 1376.html...
Processing 1377.html...
Processing 1378.html...
Processing 1379.html...
Processing 1380.html...
Processing 1381.html...
Processing 1382.html...
Processing 1383.html...
Processing 1384.html...
Processing 1385.html...
Processing 1386.html...
Processing 1387.html...
Processing 1388.html...
Processing 1389.html...
Processing 1390.html...
Processing 1391.html...
Processing 1392.html...
Processing 1393.html...
Processing 1394.html...
Processing 1395.html...
Processing 1396.html...
Warning: 1396.html is a beta/prototype. Skipping...
Processing 1397.html...
Warning: 1397.html is a beta/prototype. Skipping...
Processing 1398.html...
Processing 1399.html...
Processing 1400.html...
Processing 1401.html...
Processing 1402.html...
Processing 1403.html...
Processing 1404.html...
Processing 1405.html...
Processing 1406.html...
Processing 1407.html...
Processing 1408.html...
Processing 1409.html...
Warning: 1409.html is a unlicensed. Skipping...
Processing 1410.html...
Processing 1411.html...
Warning: 1411.html is a beta/prototype. Skipping...
Processing 1412.html...
Processing 1413.html...
Processing 1414.html...
Processing 1415.html...
Processing 1416.html...
Warning: 1416.html is a unlicensed. Skipping...
Processing 1417.html...
Warning: 1417.html is a unlicensed. Skipping...
Processing 1418.html...
Warning: 1418.html is a unlicensed. Skipping...
Processing 1419.html...
Warning: 1419.html is a unlicensed. Skipping...
Processing 1420.html...
Warning: 1420.html is a unlicensed. Skipping...
Processing 1421.html...
Warning: 1421.html is a unlicensed. Skipping...
Processing 1422.html...
Warning: 1422.html is a unlicensed. Skipping...
Processing 1423.html...
Warning: 1423.html is a unlicensed. Skipping...
Processing 1424.html...
Warning: 1424.html is a unlicensed. Skipping...
Processing 1425.html...
Warning: 1425.html is a unlicensed. Skipping...
Processing 1426.html...
Warning: 1426.html is a unlicensed. Skipping...
Processing 1427.html...
Warning: 1427.html is a unlicensed. Skipping...
Processing 1428.html...
Warning: 1428.html is a beta/prototype. Skipping...
Processing 1429.html...
Processing 1430.html...
Warning: 1430.html is a beta/prototype. Skipping...
Processing 1431.html...
Processing 1432.html...
Warning: 1432.html is a beta/prototype. Skipping...
Processing 1433.html...
Warning: 1433.html is a beta/prototype. Skipping...
Processing 1434.html...
Processing 1435.html...
Processing 1436.html...
Processing 1437.html...
Processing 1438.html...
Processing 1439.html...
Processing 1440.html...
Processing 1441.html...
Processing 1442.html...
Warning: 1442.html is a beta/prototype. Skipping...
Processing 1443.html...
Error: 1443.html has no ROM name info. Skipping...
